{"total": {"lines":{"total":1946,"covered":1758,"skipped":0,"pct":90.33},"statements":{"total":2033,"covered":1828,"skipped":0,"pct":89.91},"functions":{"total":313,"covered":266,"skipped":0,"pct":84.98},"branches":{"total":685,"covered":495,"skipped":0,"pct":72.26},"branchesTrue":{"total":0,"covered":0,"skipped":0,"pct":100}}
,"/home/kasm-user/workspace/dspy/cc-mirror-ag-state-bridge/src/cli/index.ts": {"lines":{"total":12,"covered":12,"skipped":0,"pct":100},"functions":{"total":0,"covered":0,"skipped":0,"pct":100},"statements":{"total":12,"covered":12,"skipped":0,"pct":100},"branches":{"total":1,"covered":1,"skipped":0,"pct":100}}
,"/home/kasm-user/workspace/dspy/cc-mirror-ag-state-bridge/src/cli/list-ag-sessions.ts": {"lines":{"total":51,"covered":48,"skipped":0,"pct":94.11},"functions":{"total":3,"covered":3,"skipped":0,"pct":100},"statements":{"total":52,"covered":49,"skipped":0,"pct":94.23},"branches":{"total":6,"covered":5,"skipped":0,"pct":83.33}}
,"/home/kasm-user/workspace/dspy/cc-mirror-ag-state-bridge/src/cli/send.ts": {"lines":{"total":50,"covered":50,"skipped":0,"pct":100},"functions":{"total":2,"covered":2,"skipped":0,"pct":100},"statements":{"total":50,"covered":50,"skipped":0,"pct":100},"branches":{"total":22,"covered":19,"skipped":0,"pct":86.36}}
,"/home/kasm-user/workspace/dspy/cc-mirror-ag-state-bridge/src/cli/show-ag-session.ts": {"lines":{"total":64,"covered":62,"skipped":0,"pct":96.87},"functions":{"total":7,"covered":6,"skipped":0,"pct":85.71},"statements":{"total":64,"covered":62,"skipped":0,"pct":96.87},"branches":{"total":21,"covered":8,"skipped":0,"pct":38.09}}
,"/home/kasm-user/workspace/dspy/cc-mirror-ag-state-bridge/src/orchestrator/antigravity-api.ts": {"lines":{"total":60,"covered":58,"skipped":0,"pct":96.66},"functions":{"total":9,"covered":9,"skipped":0,"pct":100},"statements":{"total":61,"covered":59,"skipped":0,"pct":96.72},"branches":{"total":8,"covered":7,"skipped":0,"pct":87.5}}
,"/home/kasm-user/workspace/dspy/cc-mirror-ag-state-bridge/src/orchestrator/artifact-reader.ts": {"lines":{"total":177,"covered":160,"skipped":0,"pct":90.39},"functions":{"total":13,"covered":13,"skipped":0,"pct":100},"statements":{"total":186,"covered":166,"skipped":0,"pct":89.24},"branches":{"total":58,"covered":35,"skipped":0,"pct":60.34}}
,"/home/kasm-user/workspace/dspy/cc-mirror-ag-state-bridge/src/orchestrator/artifact-scanner.ts": {"lines":{"total":40,"covered":40,"skipped":0,"pct":100},"functions":{"total":5,"covered":5,"skipped":0,"pct":100},"statements":{"total":41,"covered":41,"skipped":0,"pct":100},"branches":{"total":10,"covered":10,"skipped":0,"pct":100}}
,"/home/kasm-user/workspace/dspy/cc-mirror-ag-state-bridge/src/orchestrator/brain-poller.ts": {"lines":{"total":167,"covered":136,"skipped":0,"pct":81.43},"functions":{"total":30,"covered":22,"skipped":0,"pct":73.33},"statements":{"total":177,"covered":145,"skipped":0,"pct":81.92},"branches":{"total":66,"covered":49,"skipped":0,"pct":74.24}}
,"/home/kasm-user/workspace/dspy/cc-mirror-ag-state-bridge/src/orchestrator/dashboard.ts": {"lines":{"total":154,"covered":140,"skipped":0,"pct":90.9},"functions":{"total":24,"covered":18,"skipped":0,"pct":75},"statements":{"total":161,"covered":147,"skipped":0,"pct":91.3},"branches":{"total":59,"covered":50,"skipped":0,"pct":84.74}}
,"/home/kasm-user/workspace/dspy/cc-mirror-ag-state-bridge/src/orchestrator/gemini-md-bus.ts": {"lines":{"total":86,"covered":85,"skipped":0,"pct":98.83},"functions":{"total":21,"covered":21,"skipped":0,"pct":100},"statements":{"total":95,"covered":92,"skipped":0,"pct":96.84},"branches":{"total":26,"covered":22,"skipped":0,"pct":84.61}}
,"/home/kasm-user/workspace/dspy/cc-mirror-ag-state-bridge/src/orchestrator/git-tracker.ts": {"lines":{"total":55,"covered":55,"skipped":0,"pct":100},"functions":{"total":8,"covered":8,"skipped":0,"pct":100},"statements":{"total":57,"covered":57,"skipped":0,"pct":100},"branches":{"total":10,"covered":9,"skipped":0,"pct":90}}
,"/home/kasm-user/workspace/dspy/cc-mirror-ag-state-bridge/src/orchestrator/index.ts": {"lines":{"total":29,"covered":25,"skipped":0,"pct":86.2},"functions":{"total":15,"covered":0,"skipped":0,"pct":0},"statements":{"total":30,"covered":26,"skipped":0,"pct":86.66},"branches":{"total":2,"covered":0,"skipped":0,"pct":0}}
,"/home/kasm-user/workspace/dspy/cc-mirror-ag-state-bridge/src/orchestrator/phase-detector.ts": {"lines":{"total":82,"covered":60,"skipped":0,"pct":73.17},"functions":{"total":15,"covered":8,"skipped":0,"pct":53.33},"statements":{"total":84,"covered":62,"skipped":0,"pct":73.8},"branches":{"total":16,"covered":12,"skipped":0,"pct":75}}
,"/home/kasm-user/workspace/dspy/cc-mirror-ag-state-bridge/src/orchestrator/walkthrough-aggregator.ts": {"lines":{"total":161,"covered":140,"skipped":0,"pct":86.95},"functions":{"total":11,"covered":10,"skipped":0,"pct":90.9},"statements":{"total":166,"covered":145,"skipped":0,"pct":87.34},"branches":{"total":53,"covered":38,"skipped":0,"pct":71.69}}
,"/home/kasm-user/workspace/dspy/cc-mirror-ag-state-bridge/src/providers/antigravity/api-translator.ts": {"lines":{"total":63,"covered":53,"skipped":0,"pct":84.12},"functions":{"total":10,"covered":10,"skipped":0,"pct":100},"statements":{"total":67,"covered":55,"skipped":0,"pct":82.08},"branches":{"total":31,"covered":22,"skipped":0,"pct":70.96}}
,"/home/kasm-user/workspace/dspy/cc-mirror-ag-state-bridge/src/providers/antigravity/account/account-pool.ts": {"lines":{"total":32,"covered":30,"skipped":0,"pct":93.75},"functions":{"total":12,"covered":12,"skipped":0,"pct":100},"statements":{"total":33,"covered":31,"skipped":0,"pct":93.93},"branches":{"total":9,"covered":6,"skipped":0,"pct":66.66}}
,"/home/kasm-user/workspace/dspy/cc-mirror-ag-state-bridge/src/providers/antigravity/account/quota-tracker.ts": {"lines":{"total":18,"covered":15,"skipped":0,"pct":83.33},"functions":{"total":5,"covered":4,"skipped":0,"pct":80},"statements":{"total":19,"covered":16,"skipped":0,"pct":84.21},"branches":{"total":4,"covered":2,"skipped":0,"pct":50}}
,"/home/kasm-user/workspace/dspy/cc-mirror-ag-state-bridge/src/providers/antigravity/account/tier-manager.ts": {"lines":{"total":5,"covered":4,"skipped":0,"pct":80},"functions":{"total":3,"covered":2,"skipped":0,"pct":66.66},"statements":{"total":5,"covered":4,"skipped":0,"pct":80},"branches":{"total":0,"covered":0,"skipped":0,"pct":100}}
,"/home/kasm-user/workspace/dspy/cc-mirror-ag-state-bridge/src/providers/antigravity/account/types.ts": {"lines":{"total":5,"covered":5,"skipped":0,"pct":100},"functions":{"total":1,"covered":1,"skipped":0,"pct":100},"statements":{"total":5,"covered":5,"skipped":0,"pct":100},"branches":{"total":2,"covered":2,"skipped":0,"pct":100}}
,"/home/kasm-user/workspace/dspy/cc-mirror-ag-state-bridge/src/providers/antigravity/enhancement/thinking-sanitizer.ts": {"lines":{"total":17,"covered":17,"skipped":0,"pct":100},"functions":{"total":5,"covered":5,"skipped":0,"pct":100},"statements":{"total":17,"covered":17,"skipped":0,"pct":100},"branches":{"total":10,"covered":10,"skipped":0,"pct":100}}
,"/home/kasm-user/workspace/dspy/cc-mirror-ag-state-bridge/src/providers/antigravity/enhancement/tool-hardener.ts": {"lines":{"total":78,"covered":68,"skipped":0,"pct":87.17},"functions":{"total":13,"covered":10,"skipped":0,"pct":76.92},"statements":{"total":80,"covered":68,"skipped":0,"pct":85},"branches":{"total":45,"covered":33,"skipped":0,"pct":73.33}}
,"/home/kasm-user/workspace/dspy/cc-mirror-ag-state-bridge/src/providers/antigravity/oauth/credential-store.ts": {"lines":{"total":87,"covered":82,"skipped":0,"pct":94.25},"functions":{"total":19,"covered":19,"skipped":0,"pct":100},"statements":{"total":89,"covered":83,"skipped":0,"pct":93.25},"branches":{"total":13,"covered":6,"skipped":0,"pct":46.15}}
,"/home/kasm-user/workspace/dspy/cc-mirror-ag-state-bridge/src/providers/antigravity/oauth/index.ts": {"lines":{"total":9,"covered":9,"skipped":0,"pct":100},"functions":{"total":3,"covered":1,"skipped":0,"pct":33.33},"statements":{"total":11,"covered":11,"skipped":0,"pct":100},"branches":{"total":0,"covered":0,"skipped":0,"pct":100}}
,"/home/kasm-user/workspace/dspy/cc-mirror-ag-state-bridge/src/providers/antigravity/oauth/oauth-manager.ts": {"lines":{"total":113,"covered":99,"skipped":0,"pct":87.61},"functions":{"total":20,"covered":18,"skipped":0,"pct":90},"statements":{"total":113,"covered":99,"skipped":0,"pct":87.61},"branches":{"total":25,"covered":18,"skipped":0,"pct":72}}
,"/home/kasm-user/workspace/dspy/cc-mirror-ag-state-bridge/src/providers/antigravity/state-bridge/context-injector.ts": {"lines":{"total":59,"covered":59,"skipped":0,"pct":100},"functions":{"total":5,"covered":5,"skipped":0,"pct":100},"statements":{"total":62,"covered":62,"skipped":0,"pct":100},"branches":{"total":25,"covered":23,"skipped":0,"pct":92}}
,"/home/kasm-user/workspace/dspy/cc-mirror-ag-state-bridge/src/providers/antigravity/state-bridge/security-utils.ts": {"lines":{"total":14,"covered":13,"skipped":0,"pct":92.85},"functions":{"total":3,"covered":3,"skipped":0,"pct":100},"statements":{"total":15,"covered":14,"skipped":0,"pct":93.33},"branches":{"total":1,"covered":1,"skipped":0,"pct":100}}
,"/home/kasm-user/workspace/dspy/cc-mirror-ag-state-bridge/src/providers/antigravity/state-bridge/session-discovery.ts": {"lines":{"total":70,"covered":58,"skipped":0,"pct":82.85},"functions":{"total":10,"covered":10,"skipped":0,"pct":100},"statements":{"total":77,"covered":64,"skipped":0,"pct":83.11},"branches":{"total":29,"covered":19,"skipped":0,"pct":65.51}}
,"/home/kasm-user/workspace/dspy/cc-mirror-ag-state-bridge/src/providers/antigravity/state-bridge/session-parser.ts": {"lines":{"total":105,"covered":95,"skipped":0,"pct":90.47},"functions":{"total":26,"covered":26,"skipped":0,"pct":100},"statements":{"total":119,"covered":104,"skipped":0,"pct":87.39},"branches":{"total":109,"covered":67,"skipped":0,"pct":61.46}}
,"/home/kasm-user/workspace/dspy/cc-mirror-ag-state-bridge/src/providers/antigravity/state-bridge/types.ts": {"lines":{"total":7,"covered":7,"skipped":0,"pct":100},"functions":{"total":2,"covered":2,"skipped":0,"pct":100},"statements":{"total":7,"covered":7,"skipped":0,"pct":100},"branches":{"total":0,"covered":0,"skipped":0,"pct":100}}
,"/home/kasm-user/workspace/dspy/cc-mirror-ag-state-bridge/src/providers/antigravity/translation/streaming-handler.ts": {"lines":{"total":65,"covered":62,"skipped":0,"pct":95.38},"functions":{"total":10,"covered":10,"skipped":0,"pct":100},"statements":{"total":67,"covered":64,"skipped":0,"pct":95.52},"branches":{"total":24,"covered":21,"skipped":0,"pct":87.5}}
,"/home/kasm-user/workspace/dspy/cc-mirror-ag-state-bridge/src/providers/antigravity/translation/types.ts": {"lines":{"total":11,"covered":11,"skipped":0,"pct":100},"functions":{"total":3,"covered":3,"skipped":0,"pct":100},"statements":{"total":11,"covered":11,"skipped":0,"pct":100},"branches":{"total":0,"covered":0,"skipped":0,"pct":100}}
}
